{
  "RSpec": {
    "coverage": {
      "/Users/student/Projects/Battleships/spec/feature/Place_ship_spec.rb": [
        1,
        null,
        1,
        1,
        1,
        1,
        1,
        1,
        9,
        1,
        2,
        null,
        null,
        1,
        1,
        1,
        1,
        1,
        1,
        8,
        1,
        2,
        null,
        null,
        1,
        1,
        1,
        1,
        2,
        null,
        null,
        1,
        1,
        1,
        1,
        2,
        null,
        null,
        1,
        1,
        1,
        1,
        2,
        null,
        null
      ],
      "/Users/student/Projects/Battleships/lib/game.rb": [
        1,
        1,
        1,
        1,
        1,
        8,
        8,
        null,
        null,
        1,
        6,
        6,
        7,
        7,
        2,
        2,
        null,
        6,
        null,
        null,
        1,
        4,
        null,
        null,
        1,
        6,
        null,
        null,
        1,
        12,
        12,
        12,
        null,
        null,
        1,
        12,
        3,
        3,
        null,
        null,
        null,
        1,
        9,
        9,
        null,
        null
      ],
      "/Users/student/Projects/Battleships/lib/board.rb": [
        1,
        1,
        1,
        1,
        16,
        null,
        null,
        null,
        null,
        null,
        null,
        null,
        null,
        null,
        null,
        null,
        1,
        5,
        5,
        5,
        6,
        6,
        17,
        17,
        null,
        6,
        null,
        null,
        null,
        null
      ],
      "/Users/student/Projects/Battleships/lib/display.rb": [
        1,
        1,
        7,
        7,
        7,
        7,
        null,
        null,
        1,
        14,
        14,
        140,
        140,
        140,
        null,
        14,
        null,
        null
      ],
      "/Users/student/Projects/Battleships/spec/feature/See_boards_spec.rb": [
        1,
        null,
        1,
        1,
        1,
        1,
        11,
        1,
        1,
        2,
        null,
        null
      ],
      "/Users/student/Projects/Battleships/spec/unit/board_spec.rb": [
        1,
        null,
        1,
        1,
        1,
        null,
        null,
        null,
        null,
        null,
        null,
        null,
        null,
        null,
        1,
        null,
        null,
        1,
        1,
        null,
        null,
        null,
        null,
        null,
        null,
        null,
        null,
        null,
        1,
        1,
        1,
        null,
        null
      ],
      "/Users/student/Projects/Battleships/spec/unit/display_spec.rb": [
        1,
        null,
        1,
        1,
        1,
        null,
        null,
        null,
        null,
        null,
        null,
        null,
        null,
        null,
        1,
        null,
        null,
        null,
        null,
        null,
        null,
        null,
        null,
        null,
        1,
        11,
        1,
        2,
        null,
        null
      ],
      "/Users/student/Projects/Battleships/spec/unit/game_spec.rb": [
        1,
        null,
        1,
        1,
        1,
        null,
        null,
        null,
        null,
        null,
        null,
        null,
        null,
        null,
        1,
        1,
        1,
        null,
        null,
        1,
        1,
        null,
        null,
        null,
        null,
        null,
        null,
        null,
        null,
        null,
        1,
        1,
        1,
        null,
        null
      ]
    },
    "timestamp": 1554999968
  }
}
