{
  "RSpec": {
    "coverage": {
      "/Users/student/Projects/Battleships/spec/feature/Place_ship_spec.rb": [
        1,
        null,
        1,
        1,
        1,
        1,
        1,
        1,
        9,
        1,
        2,
        null,
        null
      ],
      "/Users/student/Projects/Battleships/lib/game.rb": [
        1,
        1,
        1,
        1,
        1,
        4,
        4,
        null,
        1,
        2,
        null,
        null,
        1,
        2,
        null,
        null
      ],
      "/Users/student/Projects/Battleships/lib/board.rb": [
        1,
        1,
        1,
        1,
        8,
        null,
        null,
        null,
        null,
        null,
        null,
        null,
        null,
        null,
        null,
        null,
        1,
        3,
        3,
        3,
        4,
        4,
        9,
        9,
        null,
        4,
        null,
        null,
        null,
        null
      ],
      "/Users/student/Projects/Battleships/lib/display.rb": [
        1,
        1,
        3,
        3,
        3,
        3,
        null,
        null,
        1,
        6,
        6,
        60,
        60,
        null,
        6,
        null,
        null
      ],
      "/Users/student/Projects/Battleships/spec/feature/See_boards_spec.rb": [
        1,
        null,
        1,
        1,
        1,
        1,
        11,
        1,
        2,
        null,
        null
      ],
      "/Users/student/Projects/Battleships/spec/unit/board_spec.rb": [
        1,
        null,
        1,
        1,
        1,
        null,
        null,
        null,
        null,
        null,
        null,
        null,
        null,
        null,
        1,
        null,
        null,
        1,
        1,
        null,
        null,
        null,
        null,
        null,
        null,
        null,
        null,
        null,
        1,
        1,
        1,
        null,
        null
      ],
      "/Users/student/Projects/Battleships/spec/unit/display_spec.rb": [
        1,
        null,
        1,
        1,
        1,
        1,
        1,
        null,
        null,
        null,
        null,
        null,
        null,
        null,
        null,
        null,
        1,
        null,
        null,
        null,
        null,
        null,
        null,
        null,
        null,
        null,
        1,
        1,
        1,
        11,
        1,
        2,
        null,
        null
      ],
      "/Users/student/Projects/Battleships/spec/unit/game_spec.rb": [
        1,
        null,
        1,
        1,
        1,
        null,
        null,
        null,
        null,
        null,
        null,
        null,
        null,
        null,
        1,
        1,
        1,
        null,
        null,
        1,
        1,
        null,
        null,
        null,
        null,
        null,
        null,
        null,
        null,
        null,
        1,
        1,
        1,
        null,
        null
      ]
    },
    "timestamp": 1554991087
  }
}
